[2021-05-25T14:53:42.687] [DEBUG] cheese - login => username:admin,password:123456
[2021-05-25T14:53:42.688] [DEBUG] cheese - admin
[2021-05-25T14:53:42.703] [DEBUG] cheese - null
[2021-05-25T14:53:42.703] [DEBUG] cheese - null
[2021-12-24T19:01:15.222] [DEBUG] cheese - login => username:zs,password:123456
[2021-12-24T19:01:15.223] [DEBUG] cheese - zs
[2021-12-24T19:01:15.230] [DEBUG] cheese - { inspect: [Function: inspect] }
[2021-12-24T19:01:15.231] [DEBUG] cheese - 查询失败
[2021-12-24T19:01:54.203] [DEBUG] cheese - login => username:admin,password:123456
[2021-12-24T19:01:54.203] [DEBUG] cheese - admin
[2021-12-24T19:01:54.204] [DEBUG] cheese - { inspect: [Function: inspect] }
[2021-12-24T19:01:54.204] [DEBUG] cheese - 查询失败
[2021-12-24T19:02:11.464] [DEBUG] cheese - login => username:admin,password:123456
[2021-12-24T19:02:11.464] [DEBUG] cheese - admin
[2021-12-24T19:02:11.466] [DEBUG] cheese - { inspect: [Function: inspect] }
[2021-12-24T19:02:11.466] [DEBUG] cheese - 查询失败
[2021-12-24T19:02:21.901] [DEBUG] cheese - login => username:admin,password:123456
[2021-12-24T19:02:21.901] [DEBUG] cheese - admin
[2021-12-24T19:02:21.904] [DEBUG] cheese - { inspect: [Function: inspect] }
[2021-12-24T19:02:21.904] [DEBUG] cheese - 查询失败
[2021-12-24T19:03:38.586] [DEBUG] cheese - login => username:admin,password:123456
[2021-12-24T19:03:38.586] [DEBUG] cheese - admin
[2021-12-24T19:03:38.587] [DEBUG] cheese - { inspect: [Function: inspect] }
[2021-12-24T19:03:38.587] [DEBUG] cheese - 查询失败
[2021-12-24T19:04:45.266] [DEBUG] cheese - login => username:admin,password:123456
[2021-12-24T19:04:45.266] [DEBUG] cheese - admin
[2021-12-24T19:04:45.268] [DEBUG] cheese - { inspect: [Function: inspect] }
[2021-12-24T19:04:45.268] [DEBUG] cheese - 查询失败
[2021-12-26T19:20:26.637] [DEBUG] cheese - login => username:admin,password:123456
[2021-12-26T19:20:26.638] [DEBUG] cheese - admin
[2021-12-26T19:20:26.644] [DEBUG] cheese - { inspect: [Function: inspect] }
[2021-12-26T19:20:26.645] [DEBUG] cheese - 查询失败
[2021-12-26T19:20:40.583] [DEBUG] cheese - login => username:admin,password:123456
[2021-12-26T19:20:40.583] [DEBUG] cheese - admin
[2021-12-26T19:20:40.584] [DEBUG] cheese - { inspect: [Function: inspect] }
[2021-12-26T19:20:40.585] [DEBUG] cheese - 查询失败
[2021-12-26T19:24:02.209] [DEBUG] cheese - login => username:admin,password:123456
[2021-12-26T19:24:02.209] [DEBUG] cheese - admin
[2021-12-26T19:24:02.210] [DEBUG] cheese - { inspect: [Function: inspect] }
[2021-12-26T19:24:02.211] [DEBUG] cheese - 查询失败
[2021-12-26T19:30:10.800] [DEBUG] cheese - login => username:admin,password:123456
[2021-12-26T19:30:10.800] [DEBUG] cheese - admin
[2021-12-26T19:30:10.803] [DEBUG] cheese - { inspect: [Function: inspect] }
[2021-12-26T19:30:10.803] [DEBUG] cheese - 查询失败
[2021-12-26T19:36:06.617] [DEBUG] cheese - login => username:admin,password:123456
[2021-12-26T19:36:06.617] [DEBUG] cheese - admin
[2021-12-26T19:36:06.618] [DEBUG] cheese - { inspect: [Function: inspect] }
[2021-12-26T19:36:06.618] [DEBUG] cheese - 查询失败
[2021-12-26T20:08:55.555] [DEBUG] cheese - login => username:admin,password:123456
[2021-12-26T20:08:55.555] [DEBUG] cheese - admin
[2021-12-26T20:08:55.557] [DEBUG] cheese - { inspect: [Function: inspect] }
[2021-12-26T20:08:55.557] [DEBUG] cheese - 查询失败
[2021-12-26T20:17:50.422] [DEBUG] cheese - login => username:admin,password:123456
[2021-12-26T20:17:50.422] [DEBUG] cheese - admin
[2021-12-26T20:17:50.424] [DEBUG] cheese - { inspect: [Function: inspect] }
[2021-12-26T20:17:50.424] [DEBUG] cheese - 查询失败
[2021-12-26T20:18:00.259] [DEBUG] cheese - login => username:admin,password:123456
[2021-12-26T20:18:00.259] [DEBUG] cheese - admin
[2021-12-26T20:18:00.260] [DEBUG] cheese - { inspect: [Function: inspect] }
[2021-12-26T20:18:00.260] [DEBUG] cheese - 查询失败
[2021-12-27T09:58:51.642] [DEBUG] cheese - login => username:admin,password:123456
[2021-12-27T09:58:51.643] [DEBUG] cheese - admin
[2021-12-27T09:58:51.650] [DEBUG] cheese - { inspect: [Function: inspect] }
[2021-12-27T09:58:51.651] [DEBUG] cheese - 查询失败
[2021-12-27T09:59:05.652] [DEBUG] cheese - login => username:root,password:1root
[2021-12-27T09:59:05.653] [DEBUG] cheese - root
[2021-12-27T09:59:05.654] [DEBUG] cheese - { inspect: [Function: inspect] }
[2021-12-27T09:59:05.654] [DEBUG] cheese - 查询失败
[2021-12-27T09:59:11.401] [DEBUG] cheese - login => username:root,password:root
[2021-12-27T09:59:11.401] [DEBUG] cheese - root
[2021-12-27T09:59:11.403] [DEBUG] cheese - { inspect: [Function: inspect] }
[2021-12-27T09:59:11.403] [DEBUG] cheese - 查询失败
[2021-12-27T09:59:22.212] [DEBUG] cheese - login => username:admin,password:123456
[2021-12-27T09:59:22.212] [DEBUG] cheese - admin
[2021-12-27T09:59:22.213] [DEBUG] cheese - { inspect: [Function: inspect] }
[2021-12-27T09:59:22.213] [DEBUG] cheese - 查询失败
[2021-12-27T10:03:30.666] [DEBUG] cheese - login => username:admin,password:123456
[2021-12-27T10:03:30.667] [DEBUG] cheese - admin
[2021-12-27T10:03:30.673] [DEBUG] cheese - { inspect: [Function: inspect] }
[2021-12-27T10:03:30.675] [DEBUG] cheese - 查询失败
[2021-12-27T10:04:32.116] [DEBUG] cheese - login => username:admin,password:123456
[2021-12-27T10:04:32.116] [DEBUG] cheese - admin
[2021-12-27T10:04:32.118] [DEBUG] cheese - { inspect: [Function: inspect] }
[2021-12-27T10:04:32.118] [DEBUG] cheese - 查询失败
[2021-12-27T10:04:32.912] [DEBUG] cheese - login => username:admin,password:123456
[2021-12-27T10:04:32.912] [DEBUG] cheese - admin
[2021-12-27T10:04:32.913] [DEBUG] cheese - { inspect: [Function: inspect] }
[2021-12-27T10:04:32.914] [DEBUG] cheese - 查询失败
[2021-12-27T10:04:33.449] [DEBUG] cheese - login => username:admin,password:123456
[2021-12-27T10:04:33.449] [DEBUG] cheese - admin
[2021-12-27T10:04:33.450] [DEBUG] cheese - { inspect: [Function: inspect] }
[2021-12-27T10:04:33.450] [DEBUG] cheese - 查询失败
